HPCG-Benchmark
version=3.1
Release date=March 28, 2019
Machine Summary=
Machine Summary::Distributed Processes=60
Machine Summary::Threads per processes=1
Global Problem Dimensions=
Global Problem Dimensions::Global nx=64
Global Problem Dimensions::Global ny=48
Global Problem Dimensions::Global nz=80
Processor Dimensions=
Processor Dimensions::npx=4
Processor Dimensions::npy=3
Processor Dimensions::npz=5
Local Domain Dimensions=
Local Domain Dimensions::nx=16
Local Domain Dimensions::ny=16
Local Domain Dimensions::Lower ipz=0
Local Domain Dimensions::Upper ipz=4
Local Domain Dimensions::nz=16
########## Problem Summary  ##########=
Setup Information=
Setup Information::Setup Time=0.109221
Linear System Information=
Linear System Information::Number of Equations=245760
Linear System Information::Number of Nonzero Terms=6421240
Multigrid Information=
Multigrid Information::Number of coarse grid levels=3
Multigrid Information::Coarse Grids=
Multigrid Information::Coarse Grids::Grid Level=1
Multigrid Information::Coarse Grids::Number of Equations=30720
Multigrid Information::Coarse Grids::Number of Nonzero Terms=776440
Multigrid Information::Coarse Grids::Number of Presmoother Steps=1
Multigrid Information::Coarse Grids::Number of Postsmoother Steps=1
Multigrid Information::Coarse Grids::Grid Level=2
Multigrid Information::Coarse Grids::Number of Equations=3840
Multigrid Information::Coarse Grids::Number of Nonzero Terms=90712
Multigrid Information::Coarse Grids::Number of Presmoother Steps=1
Multigrid Information::Coarse Grids::Number of Postsmoother Steps=1
Multigrid Information::Coarse Grids::Grid Level=3
Multigrid Information::Coarse Grids::Number of Equations=480
Multigrid Information::Coarse Grids::Number of Nonzero Terms=9856
Multigrid Information::Coarse Grids::Number of Presmoother Steps=1
Multigrid Information::Coarse Grids::Number of Postsmoother Steps=1
########## Memory Use Summary  ##########=
Memory Use Information=
Memory Use Information::Total memory used for data (Gbytes)=0.176837
Memory Use Information::Memory used for OptimizeProblem data (Gbytes)=0
Memory Use Information::Bytes per equation (Total memory / Number of Equations)=719.551
Memory Use Information::Memory used for linear system and CG (Gbytes)=0.155487
Memory Use Information::Coarse Grids=
Memory Use Information::Coarse Grids::Grid Level=1
Memory Use Information::Coarse Grids::Memory used=0.0186742
Memory Use Information::Coarse Grids::Grid Level=2
Memory Use Information::Coarse Grids::Memory used=0.00236769
Memory Use Information::Coarse Grids::Grid Level=3
Memory Use Information::Coarse Grids::Memory used=0.000307508
########## V&V Testing Summary  ##########=
Spectral Convergence Tests=
Spectral Convergence Tests::Result=PASSED
Spectral Convergence Tests::Unpreconditioned=
Spectral Convergence Tests::Unpreconditioned::Maximum iteration count=11
Spectral Convergence Tests::Unpreconditioned::Expected iteration count=12
Spectral Convergence Tests::Preconditioned=
Spectral Convergence Tests::Preconditioned::Maximum iteration count=2
Spectral Convergence Tests::Preconditioned::Expected iteration count=2
Departure from Symmetry |x'Ay-y'Ax|/(2*||x||*||A||*||y||)/epsilon=
Departure from Symmetry |x'Ay-y'Ax|/(2*||x||*||A||*||y||)/epsilon::Result=PASSED
Departure from Symmetry |x'Ay-y'Ax|/(2*||x||*||A||*||y||)/epsilon::Departure for SpMV=1.54457e-08
Departure from Symmetry |x'Ay-y'Ax|/(2*||x||*||A||*||y||)/epsilon::Departure for MG=0
########## Iterations Summary  ##########=
Iteration Count Information=
Iteration Count Information::Result=PASSED
Iteration Count Information::Reference CG iterations per set=50
Iteration Count Information::Optimized CG iterations per set=50
Iteration Count Information::Total number of reference iterations=750000
Iteration Count Information::Total number of optimized iterations=750000
########## Reproducibility Summary  ##########=
Reproducibility Information=
Reproducibility Information::Result=PASSED
Reproducibility Information::Scaled residual mean=5.99622e-10
Reproducibility Information::Scaled residual variance=0
########## Performance Summary (times in sec) ##########=
Benchmark Time Summary=
Benchmark Time Summary::Optimization phase=2.38419e-07
Benchmark Time Summary::DDOT=466.161
Benchmark Time Summary::WAXPBY=9.97617
Benchmark Time Summary::SpMV=80.2314
Benchmark Time Summary::MG=1375.79
Benchmark Time Summary::Total=1932.53
Floating Point Operations Summary=
Floating Point Operations Summary::Raw DDOT=1.11329e+12
Floating Point Operations Summary::Raw WAXPBY=1.11329e+12
Floating Point Operations Summary::Raw SpMV=9.8245e+12
Floating Point Operations Summary::Raw MG=5.46925e+13
Floating Point Operations Summary::Total=6.67436e+13
Floating Point Operations Summary::Total with convergence overhead=6.67436e+13
GB/s Summary=
GB/s Summary::Raw Read B/W=212.917
GB/s Summary::Raw Write B/W=49.2116
GB/s Summary::Raw Total B/W=262.128
GB/s Summary::Total with convergence and optimization phase overhead=241.643
GFLOP/s Summary=
GFLOP/s Summary::Raw DDOT=2.38821
GFLOP/s Summary::Raw WAXPBY=111.595
GFLOP/s Summary::Raw SpMV=122.452
GFLOP/s Summary::Raw MG=39.7535
GFLOP/s Summary::Raw Total=34.537
GFLOP/s Summary::Total with convergence overhead=34.537
GFLOP/s Summary::Total with convergence and optimization phase overhead=31.8379
User Optimization Overheads=
User Optimization Overheads::Optimization phase time (sec)=2.38419e-07
User Optimization Overheads::Optimization phase time vs reference SpMV+MG time=4.42597e-05
DDOT Timing Variations=
DDOT Timing Variations::Min DDOT MPI_Allreduce time=166.08
DDOT Timing Variations::Max DDOT MPI_Allreduce time=461.688
DDOT Timing Variations::Avg DDOT MPI_Allreduce time=306.481
Final Summary=
Final Summary::HPCG result is VALID with a GFLOP/s rating of=31.8379
Final Summary::HPCG 2.4 rating for historical reasons is=34.5369
Final Summary::Reference version of ComputeDotProduct used=Performance results are most likely suboptimal
Final Summary::Reference version of ComputeSPMV used=Performance results are most likely suboptimal
Final Summary::Reference version of ComputeMG used=Performance results are most likely suboptimal
Final Summary::Reference version of ComputeWAXPBY used=Performance results are most likely suboptimal
Final Summary::Please upload results from the YAML file contents to=http://hpcg-benchmark.org
