HPCG-Benchmark
version=3.1
Release date=March 28, 2019
Machine Summary=
Machine Summary::Distributed Processes=120
Machine Summary::Threads per processes=1
Global Problem Dimensions=
Global Problem Dimensions::Global nx=64
Global Problem Dimensions::Global ny=96
Global Problem Dimensions::Global nz=80
Processor Dimensions=
Processor Dimensions::npx=4
Processor Dimensions::npy=6
Processor Dimensions::npz=5
Local Domain Dimensions=
Local Domain Dimensions::nx=16
Local Domain Dimensions::ny=16
Local Domain Dimensions::Lower ipz=0
Local Domain Dimensions::Upper ipz=4
Local Domain Dimensions::nz=16
########## Problem Summary  ##########=
Setup Information=
Setup Information::Setup Time=0.363559
Linear System Information=
Linear System Information::Number of Equations=491520
Linear System Information::Number of Nonzero Terms=12932920
Multigrid Information=
Multigrid Information::Number of coarse grid levels=3
Multigrid Information::Coarse Grids=
Multigrid Information::Coarse Grids::Grid Level=1
Multigrid Information::Coarse Grids::Number of Equations=61440
Multigrid Information::Coarse Grids::Number of Nonzero Terms=1575064
Multigrid Information::Coarse Grids::Number of Presmoother Steps=1
Multigrid Information::Coarse Grids::Number of Postsmoother Steps=1
Multigrid Information::Coarse Grids::Grid Level=2
Multigrid Information::Coarse Grids::Number of Equations=7680
Multigrid Information::Coarse Grids::Number of Nonzero Terms=186760
Multigrid Information::Coarse Grids::Number of Presmoother Steps=1
Multigrid Information::Coarse Grids::Number of Postsmoother Steps=1
Multigrid Information::Coarse Grids::Grid Level=3
Multigrid Information::Coarse Grids::Number of Equations=960
Multigrid Information::Coarse Grids::Number of Nonzero Terms=20944
Multigrid Information::Coarse Grids::Number of Presmoother Steps=1
Multigrid Information::Coarse Grids::Number of Postsmoother Steps=1
########## Memory Use Summary  ##########=
Memory Use Information=
Memory Use Information::Total memory used for data (Gbytes)=0.353428
Memory Use Information::Memory used for OptimizeProblem data (Gbytes)=0
Memory Use Information::Bytes per equation (Total memory / Number of Equations)=719.052
Memory Use Information::Memory used for linear system and CG (Gbytes)=0.310735
Memory Use Information::Coarse Grids=
Memory Use Information::Coarse Grids::Grid Level=1
Memory Use Information::Coarse Grids::Memory used=0.0373452
Memory Use Information::Coarse Grids::Grid Level=2
Memory Use Information::Coarse Grids::Memory used=0.00473409
Memory Use Information::Coarse Grids::Grid Level=3
Memory Use Information::Coarse Grids::Memory used=0.000614228
########## V&V Testing Summary  ##########=
Spectral Convergence Tests=
Spectral Convergence Tests::Result=PASSED
Spectral Convergence Tests::Unpreconditioned=
Spectral Convergence Tests::Unpreconditioned::Maximum iteration count=11
Spectral Convergence Tests::Unpreconditioned::Expected iteration count=12
Spectral Convergence Tests::Preconditioned=
Spectral Convergence Tests::Preconditioned::Maximum iteration count=2
Spectral Convergence Tests::Preconditioned::Expected iteration count=2
Departure from Symmetry |x'Ay-y'Ax|/(2*||x||*||A||*||y||)/epsilon=
Departure from Symmetry |x'Ay-y'Ax|/(2*||x||*||A||*||y||)/epsilon::Result=PASSED
Departure from Symmetry |x'Ay-y'Ax|/(2*||x||*||A||*||y||)/epsilon::Departure for SpMV=1.16013e-08
Departure from Symmetry |x'Ay-y'Ax|/(2*||x||*||A||*||y||)/epsilon::Departure for MG=1.93355e-09
########## Iterations Summary  ##########=
Iteration Count Information=
Iteration Count Information::Result=PASSED
Iteration Count Information::Reference CG iterations per set=50
Iteration Count Information::Optimized CG iterations per set=50
Iteration Count Information::Total number of reference iterations=50
Iteration Count Information::Total number of optimized iterations=50
########## Reproducibility Summary  ##########=
Reproducibility Information=
Reproducibility Information::Result=PASSED
Reproducibility Information::Scaled residual mean=2.53774e-08
Reproducibility Information::Scaled residual variance=0
########## Performance Summary (times in sec) ##########=
Benchmark Time Summary=
Benchmark Time Summary::Optimization phase=2.38419e-07
Benchmark Time Summary::DDOT=7.86849
Benchmark Time Summary::WAXPBY=0.00101542
Benchmark Time Summary::SpMV=1.29551
Benchmark Time Summary::MG=8.63979
Benchmark Time Summary::Total=17.8049
Floating Point Operations Summary=
Floating Point Operations Summary::Raw DDOT=1.48439e+08
Floating Point Operations Summary::Raw WAXPBY=1.48439e+08
Floating Point Operations Summary::Raw SpMV=1.31916e+09
Floating Point Operations Summary::Raw MG=7.35156e+09
Floating Point Operations Summary::Total=8.9676e+09
Floating Point Operations Summary::Total with convergence overhead=8.9676e+09
GB/s Summary=
GB/s Summary::Raw Read B/W=3.10438
GB/s Summary::Raw Write B/W=0.717486
GB/s Summary::Raw Total B/W=3.82186
GB/s Summary::Total with convergence and optimization phase overhead=3.81408
GFLOP/s Summary=
GFLOP/s Summary::Raw DDOT=0.018865
GFLOP/s Summary::Raw WAXPBY=146.184
GFLOP/s Summary::Raw SpMV=1.01825
GFLOP/s Summary::Raw MG=0.850896
GFLOP/s Summary::Raw Total=0.50366
GFLOP/s Summary::Total with convergence overhead=0.50366
GFLOP/s Summary::Total with convergence and optimization phase overhead=0.502634
User Optimization Overheads=
User Optimization Overheads::Optimization phase time (sec)=2.38419e-07
User Optimization Overheads::Optimization phase time vs reference SpMV+MG time=8.96635e-07
DDOT Timing Variations=
DDOT Timing Variations::Min DDOT MPI_Allreduce time=7.17889
DDOT Timing Variations::Max DDOT MPI_Allreduce time=10.0053
DDOT Timing Variations::Avg DDOT MPI_Allreduce time=8.46898
Final Summary=
Final Summary::HPCG result is VALID with a GFLOP/s rating of=0.502634
Final Summary::HPCG 2.4 rating for historical reasons is=0.50366
Final Summary::Reference version of ComputeDotProduct used=Performance results are most likely suboptimal
Final Summary::Reference version of ComputeSPMV used=Performance results are most likely suboptimal
Final Summary::Reference version of ComputeMG used=Performance results are most likely suboptimal
Final Summary::Reference version of ComputeWAXPBY used=Performance results are most likely suboptimal
Final Summary::Results are valid but execution time (sec) is=17.8049
Final Summary::You have selected the QuickPath option=Results are official for legacy installed systems with confirmation from the HPCG Benchmark leaders.
Final Summary::After confirmation please upload results from the YAML file contents to=http://hpcg-benchmark.org
