HPCG-Benchmark
version=3.1
Release date=March 28, 2019
Machine Summary=
Machine Summary::Distributed Processes=120
Machine Summary::Threads per processes=1
Global Problem Dimensions=
Global Problem Dimensions::Global nx=512
Global Problem Dimensions::Global ny=768
Global Problem Dimensions::Global nz=640
Processor Dimensions=
Processor Dimensions::npx=4
Processor Dimensions::npy=6
Processor Dimensions::npz=5
Local Domain Dimensions=
Local Domain Dimensions::nx=128
Local Domain Dimensions::ny=128
Local Domain Dimensions::Lower ipz=0
Local Domain Dimensions::Upper ipz=4
Local Domain Dimensions::nz=128
########## Problem Summary  ##########=
Setup Information=
Setup Information::Setup Time=20.2659
Linear System Information=
Linear System Information::Number of Equations=251658240
Linear System Information::Number of Nonzero Terms=6772972024
Multigrid Information=
Multigrid Information::Number of coarse grid levels=3
Multigrid Information::Coarse Grids=
Multigrid Information::Coarse Grids::Grid Level=1
Multigrid Information::Coarse Grids::Number of Equations=31457280
Multigrid Information::Coarse Grids::Number of Nonzero Terms=843902200
Multigrid Information::Coarse Grids::Number of Presmoother Steps=1
Multigrid Information::Coarse Grids::Number of Postsmoother Steps=1
Multigrid Information::Coarse Grids::Grid Level=2
Multigrid Information::Coarse Grids::Number of Equations=3932160
Multigrid Information::Coarse Grids::Number of Nonzero Terms=104810104
Multigrid Information::Coarse Grids::Number of Presmoother Steps=1
Multigrid Information::Coarse Grids::Number of Postsmoother Steps=1
Multigrid Information::Coarse Grids::Grid Level=3
Multigrid Information::Coarse Grids::Number of Equations=491520
Multigrid Information::Coarse Grids::Number of Nonzero Terms=12932920
Multigrid Information::Coarse Grids::Number of Presmoother Steps=1
Multigrid Information::Coarse Grids::Number of Postsmoother Steps=1
########## Memory Use Summary  ##########=
Memory Use Information=
Memory Use Information::Total memory used for data (Gbytes)=179.984
Memory Use Information::Memory used for OptimizeProblem data (Gbytes)=0
Memory Use Information::Bytes per equation (Total memory / Number of Equations)=715.194
Memory Use Information::Memory used for linear system and CG (Gbytes)=158.388
Memory Use Information::Coarse Grids=
Memory Use Information::Coarse Grids::Grid Level=1
Memory Use Information::Coarse Grids::Memory used=18.9299
Memory Use Information::Coarse Grids::Grid Level=2
Memory Use Information::Coarse Grids::Memory used=2.36935
Memory Use Information::Coarse Grids::Grid Level=3
Memory Use Information::Coarse Grids::Memory used=0.296983
########## V&V Testing Summary  ##########=
Spectral Convergence Tests=
Spectral Convergence Tests::Result=PASSED
Spectral Convergence Tests::Unpreconditioned=
Spectral Convergence Tests::Unpreconditioned::Maximum iteration count=11
Spectral Convergence Tests::Unpreconditioned::Expected iteration count=12
Spectral Convergence Tests::Preconditioned=
Spectral Convergence Tests::Preconditioned::Maximum iteration count=2
Spectral Convergence Tests::Preconditioned::Expected iteration count=2
Departure from Symmetry |x'Ay-y'Ax|/(2*||x||*||A||*||y||)/epsilon=
Departure from Symmetry |x'Ay-y'Ax|/(2*||x||*||A||*||y||)/epsilon::Result=PASSED
Departure from Symmetry |x'Ay-y'Ax|/(2*||x||*||A||*||y||)/epsilon::Departure for SpMV=3.8174e-10
Departure from Symmetry |x'Ay-y'Ax|/(2*||x||*||A||*||y||)/epsilon::Departure for MG=7.48509e-12
########## Iterations Summary  ##########=
Iteration Count Information=
Iteration Count Information::Result=PASSED
Iteration Count Information::Reference CG iterations per set=50
Iteration Count Information::Optimized CG iterations per set=50
Iteration Count Information::Total number of reference iterations=50
Iteration Count Information::Total number of optimized iterations=50
########## Reproducibility Summary  ##########=
Reproducibility Information=
Reproducibility Information::Result=PASSED
Reproducibility Information::Scaled residual mean=0.00471945
Reproducibility Information::Scaled residual variance=0
########## Performance Summary (times in sec) ##########=
Benchmark Time Summary=
Benchmark Time Summary::Optimization phase=4.76837e-07
Benchmark Time Summary::DDOT=35.1622
Benchmark Time Summary::WAXPBY=1.11362
Benchmark Time Summary::SpMV=13.2363
Benchmark Time Summary::MG=105.807
Benchmark Time Summary::Total=155.323
Floating Point Operations Summary=
Floating Point Operations Summary::Raw DDOT=7.60008e+10
Floating Point Operations Summary::Raw WAXPBY=7.60008e+10
Floating Point Operations Summary::Raw SpMV=6.90843e+11
Floating Point Operations Summary::Raw MG=3.86343e+12
Floating Point Operations Summary::Total=4.70627e+12
Floating Point Operations Summary::Total with convergence overhead=4.70627e+12
GB/s Summary=
GB/s Summary::Raw Read B/W=186.636
GB/s Summary::Raw Write B/W=43.1296
GB/s Summary::Raw Total B/W=229.766
GB/s Summary::Total with convergence and optimization phase overhead=226.807
GFLOP/s Summary=
GFLOP/s Summary::Raw DDOT=2.16143
GFLOP/s Summary::Raw WAXPBY=68.2468
GFLOP/s Summary::Raw SpMV=52.1931
GFLOP/s Summary::Raw MG=36.514
GFLOP/s Summary::Raw Total=30.2998
GFLOP/s Summary::Total with convergence overhead=30.2998
GFLOP/s Summary::Total with convergence and optimization phase overhead=29.9096
User Optimization Overheads=
User Optimization Overheads::Optimization phase time (sec)=4.76837e-07
User Optimization Overheads::Optimization phase time vs reference SpMV+MG time=1.56476e-07
DDOT Timing Variations=
DDOT Timing Variations::Min DDOT MPI_Allreduce time=11.9557
DDOT Timing Variations::Max DDOT MPI_Allreduce time=39.1785
DDOT Timing Variations::Avg DDOT MPI_Allreduce time=27.815
Final Summary=
Final Summary::HPCG result is VALID with a GFLOP/s rating of=29.9096
Final Summary::HPCG 2.4 rating for historical reasons is=30.2998
Final Summary::Reference version of ComputeDotProduct used=Performance results are most likely suboptimal
Final Summary::Reference version of ComputeSPMV used=Performance results are most likely suboptimal
Final Summary::Reference version of ComputeMG used=Performance results are most likely suboptimal
Final Summary::Reference version of ComputeWAXPBY used=Performance results are most likely suboptimal
Final Summary::Results are valid but execution time (sec) is=155.323
Final Summary::You have selected the QuickPath option=Results are official for legacy installed systems with confirmation from the HPCG Benchmark leaders.
Final Summary::After confirmation please upload results from the YAML file contents to=http://hpcg-benchmark.org
